<?xml version="1.0" encoding="UTF-8" standalone="yes"?>
<testsuites name="ChromeLaunch" time="23" tests="1" failures="0" errors="0">
    <testsuite name="ChromeLaunch" tests="1" failures="0" errors="0" time="23" timestamp="2019-07-11 16:37:04" hostname="DAPL-Asset-70 - DAPL-Asset-70PC" id="Test Suites/DemoTesting/ChromeLaunch">
        <properties>
            <property name="deviceName" value=""/>
            <property name="devicePlatform" value=""/>
            <property name="logFolder" value="C:\\Users\\DAPL-Asset-70\\Katalon Studio\\WorkiloAutomation\\Reports\\DemoTesting\\ChromeLaunch\\20190711_163657"/>
            <property name="logFiles" value="C:\\Users\\DAPL-Asset-70\\Katalon Studio\\WorkiloAutomation\\Reports\\DemoTesting\\ChromeLaunch\\20190711_163657\\execution0.log"/>
            <property name="attachments" value=""/>
            <property name="hostName" value="DAPL-Asset-70 - DAPL-Asset-70PC"/>
            <property name="hostAddress" value="192.168.1.185"/>
            <property name="os" value="Windows 7 64bit"/>
            <property name="katalonVersion" value="6.2.1.2"/>
        </properties>
        <testcase name="Test Cases/Demo/LaunchChrome" classname="Test Cases/Demo/LaunchChrome" status="PASSED">
            <system-out>2019-07-11 16:37:05 - [TEST_CASE][PASSED] - Test Cases/Demo/LaunchChrome: Test Cases/Demo/LaunchChrome&#xD;
&#xD;
2019-07-11 16:37:07 - [TEST_STEP][PASSED] - System.setProperty("webdriver.chrome.driver", "C:\Users\DAPL-Asset-70\Desktop\BrowserDriver\chromedriver.exe"): null&#xD;
&#xD;
2019-07-11 16:37:07 - [TEST_STEP][PASSED] - driver = new org.openqa.selenium.chrome.ChromeDriver(): null&#xD;
&#xD;
2019-07-11 16:37:12 - [TEST_STEP][PASSED] - window().maximize(): null&#xD;
&#xD;
2019-07-11 16:37:13 - [TEST_STEP][PASSED] - driver.get("http://workilo.com"): null&#xD;
&#xD;
2019-07-11 16:37:23 - [TEST_STEP][PASSED] - title = driver.getTitle(): null&#xD;
&#xD;
2019-07-11 16:37:23 - [TEST_STEP][PASSED] - out.println("Title == " + title): null&#xD;
&#xD;
2019-07-11 16:37:23 - [TEST_STEP][PASSED] - expected_Title = "Workilo :: Home Improvement And Renovation Services in Brooklyn by Workilo": null&#xD;
&#xD;
2019-07-11 16:37:23 - [TEST_STEP][PASSED] - Assert.assertEquals(title, expected_Title, "Title didn't match"): null&#xD;
&#xD;
2019-07-11 16:37:23 - [TEST_STEP][PASSED] - Thread.sleep(3000): null&#xD;
&#xD;
2019-07-11 16:37:26 - [TEST_STEP][PASSED] - driver.quit(): null</system-out>
            <system-err></system-err>
        </testcase>
        <system-out>2019-07-11 16:37:04 - [TEST_SUITE][INCOMPLETE] - ChromeLaunch: null</system-out>
        <system-err>2019-07-11 16:37:04 - [TEST_SUITE][INCOMPLETE] - ChromeLaunch: null</system-err>
    </testsuite>
</testsuites>
